[debug] [2025-04-19T18:40:01.294Z] ----------------------------------------------------------------------
[debug] [2025-04-19T18:40:01.297Z] Command:       C:\Program Files\nodejs\node.exe C:\Users\ALBAR\AppData\Roaming\npm\node_modules\firebase-tools\lib\bin\firebase.js init hosting
[debug] [2025-04-19T18:40:01.298Z] CLI Version:   14.1.0
[debug] [2025-04-19T18:40:01.298Z] Platform:      win32
[debug] [2025-04-19T18:40:01.298Z] Node Version:  v22.12.0
[debug] [2025-04-19T18:40:01.299Z] Time:          Sat Apr 19 2025 21:40:01 GMT+0300 (التوقيت العربي الرسمي)
[debug] [2025-04-19T18:40:01.299Z] ----------------------------------------------------------------------
[debug] 
[debug] [2025-04-19T18:40:01.303Z] >>> [apiv2][query] GET https://firebase-public.firebaseio.com/cli.json [none]
[debug] [2025-04-19T18:40:01.566Z] > command requires scopes: ["email","openid","https://www.googleapis.com/auth/cloudplatformprojects.readonly","https://www.googleapis.com/auth/firebase","https://www.googleapis.com/auth/cloud-platform"]
[debug] [2025-04-19T18:40:01.566Z] > authorizing via signed-in user (albarqitablet@gmail.com)
[info] 
     ######## #### ########  ######## ########     ###     ######  ########
     ##        ##  ##     ## ##       ##     ##  ##   ##  ##       ##
     ######    ##  ########  ######   ########  #########  ######  ######
     ##        ##  ##    ##  ##       ##     ## ##     ##       ## ##
     ##       #### ##     ## ######## ########  ##     ##  ######  ########

You're about to initialize a Firebase project in this directory:

  C:\Users\ALBAR

Before we get started, keep in mind:

  * You are initializing within an existing Firebase project directory

[debug] [2025-04-19T18:40:02.449Z] <<< [apiv2][status] GET https://firebase-public.firebaseio.com/cli.json 200
[debug] [2025-04-19T18:40:02.449Z] <<< [apiv2][body] GET https://firebase-public.firebaseio.com/cli.json {"cloudBuildErrorAfter":1594252800000,"cloudBuildWarnAfter":1590019200000,"defaultNode10After":1594252800000,"minVersion":"3.0.5","node8DeploysDisabledAfter":1613390400000,"node8RuntimeDisabledAfter":1615809600000,"node8WarnAfter":1600128000000}
